SF:lib\common\exception.dart
DA:6,4
LF:1
LH:1
end_of_record
SF:lib\data\datasources\movie_local_data_source.dart
DA:15,1
DA:17,1
DA:20,2
DA:23,2
DA:27,1
DA:30,2
DA:33,2
DA:37,1
DA:39,2
DA:41,1
DA:47,1
DA:49,2
DA:50,4
LF:13
LH:13
end_of_record
SF:lib\data\models\movie_table.dart
DA:11,2
DA:18,2
DA:19,1
DA:20,1
DA:21,1
DA:22,1
DA:25,2
DA:26,1
DA:27,1
DA:28,1
DA:29,1
DA:32,0
DA:33,0
DA:34,0
DA:35,0
DA:36,0
DA:39,2
DA:40,1
DA:41,1
DA:42,1
DA:43,1
DA:46,2
DA:48,10
LF:23
LH:18
end_of_record
SF:lib\domain\entities\genre.dart
DA:4,12
DA:12,4
DA:13,12
LF:3
LH:3
end_of_record
SF:lib\domain\entities\movie.dart
DA:4,7
DA:20,1
DA:41,3
DA:42,3
DA:43,3
DA:44,3
DA:45,3
DA:46,3
DA:47,3
DA:48,3
DA:49,3
DA:50,3
DA:51,3
DA:52,3
DA:53,3
DA:54,3
DA:55,3
LF:17
LH:17
end_of_record
SF:lib\domain\entities\movie_detail.dart
DA:5,6
DA:33,2
DA:34,2
DA:35,2
DA:36,2
DA:37,2
DA:38,2
DA:39,2
DA:40,2
DA:41,2
DA:42,2
DA:43,2
DA:44,2
DA:45,2
LF:14
LH:14
end_of_record
SF:lib\common\failure.dart
DA:6,4
DA:8,2
DA:9,4
DA:13,8
DA:17,4
DA:21,4
DA:25,0
LF:7
LH:6
end_of_record
SF:lib\data\datasources\db\database_helper.dart
DA:8,0
DA:12,0
DA:16,0
DA:18,0
DA:25,0
DA:26,0
DA:27,0
DA:29,0
DA:33,0
DA:34,0
DA:41,0
DA:44,0
DA:45,0
DA:46,0
DA:49,0
DA:50,0
DA:51,0
DA:54,0
DA:58,0
DA:59,0
DA:60,0
DA:63,0
DA:66,0
DA:67,0
DA:73,0
DA:74,0
DA:75,0
LF:27
LH:0
end_of_record
SF:lib\data\datasources\db\tv_db\database_tv.dart
DA:7,0
DA:11,0
DA:15,0
DA:16,0
DA:23,0
DA:24,0
DA:25,0
DA:27,0
DA:31,0
DA:32,0
DA:39,0
DA:40,0
DA:48,0
DA:51,0
DA:52,0
DA:53,0
DA:56,0
DA:57,0
DA:58,0
DA:61,0
DA:65,0
DA:66,0
DA:67,0
DA:70,0
DA:73,0
DA:74,0
DA:80,0
DA:81,0
DA:82,0
LF:29
LH:0
end_of_record
SF:lib\data\datasources\db\tv_db\tv_local_data_source.dart
DA:15,1
DA:17,1
DA:20,2
DA:23,2
DA:27,1
DA:30,2
DA:33,2
DA:37,1
DA:39,2
DA:41,1
DA:47,1
DA:49,2
DA:50,4
LF:13
LH:13
end_of_record
SF:lib\data\datasources\db\tv_db\tv_remote_data_source.dart
DA:23,1
DA:25,1
DA:28,4
DA:30,2
DA:31,4
DA:33,1
DA:37,1
DA:39,4
DA:41,2
DA:42,3
DA:44,1
DA:48,1
DA:50,1
DA:51,3
DA:53,2
DA:54,4
DA:56,1
DA:60,1
DA:63,4
DA:65,2
DA:66,4
DA:68,1
DA:72,1
DA:75,4
DA:77,2
DA:78,4
DA:80,1
DA:84,1
DA:86,1
DA:87,3
DA:89,2
DA:90,4
DA:92,1
LF:33
LH:33
end_of_record
SF:lib\data\datasources\movie_remote_data_source.dart
DA:23,1
DA:25,1
DA:28,4
DA:30,2
DA:31,4
DA:33,1
DA:37,1
DA:40,4
DA:42,2
DA:43,3
DA:45,1
DA:49,1
DA:51,1
DA:52,3
DA:54,2
DA:55,4
DA:57,1
DA:61,1
DA:64,4
DA:66,2
DA:67,4
DA:69,1
DA:73,1
DA:76,4
DA:78,2
DA:79,4
DA:81,1
DA:85,1
DA:87,1
DA:88,3
DA:90,2
DA:91,4
DA:93,1
LF:33
LH:33
end_of_record
SF:lib\data\models\modelstv\tv_detail.dart
DA:6,2
DA:58,1
DA:59,1
DA:60,1
DA:61,1
DA:63,4
DA:64,2
DA:65,1
DA:66,4
DA:67,1
DA:68,1
DA:69,1
DA:70,4
DA:71,2
DA:72,1
DA:73,1
DA:74,1
DA:75,4
DA:76,1
DA:77,1
DA:78,1
DA:79,2
DA:80,1
DA:81,1
DA:82,1
DA:83,1
DA:84,2
DA:85,1
DA:88,1
DA:89,1
DA:90,1
DA:91,1
DA:92,1
DA:93,1
DA:94,5
DA:95,1
DA:96,1
DA:97,1
DA:98,1
DA:99,1
DA:100,1
DA:101,1
DA:102,1
DA:103,1
DA:104,1
DA:105,1
DA:106,1
DA:107,1
DA:108,1
DA:109,1
DA:110,1
DA:111,1
DA:112,1
DA:113,1
DA:117,0
DA:118,0
DA:119,0
DA:120,0
DA:122,0
DA:123,0
DA:124,0
DA:125,0
DA:126,0
DA:127,0
DA:129,0
DA:130,0
DA:131,0
DA:132,0
DA:133,0
DA:134,0
DA:135,0
DA:136,0
DA:137,0
DA:138,0
DA:139,0
DA:140,0
DA:141,0
DA:142,0
DA:143,0
DA:146,1
DA:147,1
DA:148,1
DA:149,1
DA:150,1
DA:151,1
DA:152,1
DA:153,1
DA:154,1
DA:155,1
DA:156,1
DA:157,1
DA:158,1
DA:159,1
DA:160,1
DA:161,1
DA:162,1
DA:163,1
DA:164,1
DA:165,1
DA:166,1
DA:167,1
DA:168,1
DA:169,1
DA:170,1
DA:171,1
LF:105
LH:80
end_of_record
SF:lib\data\models\modelstv\tv_models.dart
DA:5,5
DA:35,2
DA:36,2
DA:37,2
DA:38,2
DA:39,8
DA:40,2
DA:41,2
DA:42,8
DA:43,2
DA:44,2
DA:45,2
DA:46,4
DA:47,2
DA:48,4
DA:49,2
DA:52,2
DA:53,1
DA:54,1
DA:55,4
DA:56,1
DA:57,1
DA:58,4
DA:59,1
DA:60,1
DA:61,1
DA:62,1
DA:63,1
DA:64,1
DA:65,1
DA:68,2
DA:69,2
DA:70,2
DA:71,2
DA:72,2
DA:73,2
DA:74,2
DA:75,2
DA:76,2
DA:77,2
DA:78,2
DA:79,2
DA:80,2
DA:81,2
DA:82,2
DA:86,2
DA:87,2
DA:88,2
DA:89,2
DA:90,2
DA:91,2
DA:92,2
DA:93,2
DA:94,2
DA:95,2
DA:96,2
DA:97,2
DA:98,2
DA:99,2
DA:100,2
LF:60
LH:60
end_of_record
SF:lib\data\models\modelstv\tv_table.dart
DA:11,13
DA:18,2
DA:19,1
DA:20,1
DA:21,1
DA:22,1
DA:25,2
DA:26,1
DA:27,1
DA:28,1
DA:29,1
DA:32,0
DA:33,0
DA:34,0
DA:35,0
DA:36,0
DA:39,0
DA:40,0
DA:41,0
DA:42,0
DA:43,0
DA:46,2
DA:47,1
DA:48,1
DA:49,1
DA:50,1
DA:53,2
DA:54,10
LF:28
LH:18
end_of_record
SF:lib\data\models\movie_detail_model.dart
DA:6,2
DA:52,1
DA:53,1
DA:54,1
DA:55,1
DA:56,1
DA:57,1
DA:58,4
DA:59,1
DA:60,1
DA:61,1
DA:62,1
DA:63,1
DA:64,1
DA:65,2
DA:66,1
DA:67,1
DA:68,1
DA:69,1
DA:70,1
DA:71,1
DA:72,1
DA:73,1
DA:74,2
DA:75,1
DA:78,0
DA:79,0
DA:80,0
DA:81,0
DA:82,0
DA:83,0
DA:84,0
DA:85,0
DA:86,0
DA:87,0
DA:88,0
DA:89,0
DA:90,0
DA:91,0
DA:92,0
DA:93,0
DA:94,0
DA:95,0
DA:96,0
DA:97,0
DA:98,0
DA:99,0
DA:102,1
DA:103,1
DA:104,1
DA:105,1
DA:106,5
DA:107,1
DA:108,1
DA:109,1
DA:110,1
DA:111,1
DA:112,1
DA:113,1
DA:114,1
DA:115,1
DA:119,1
DA:121,1
DA:122,1
DA:123,1
DA:124,1
DA:125,1
DA:126,1
DA:127,1
DA:128,1
DA:129,1
DA:130,1
DA:131,1
DA:132,1
DA:133,1
DA:134,1
DA:135,1
DA:136,1
DA:137,1
DA:138,1
DA:139,1
DA:140,1
DA:141,1
DA:142,1
LF:84
LH:62
end_of_record
SF:lib\data\models\movie_model.dart
DA:5,4
DA:35,4
DA:36,2
DA:37,2
DA:38,8
DA:39,2
DA:40,2
DA:41,2
DA:42,4
DA:43,2
DA:44,2
DA:45,2
DA:46,2
DA:47,4
DA:48,2
DA:51,2
DA:52,1
DA:53,1
DA:54,4
DA:55,1
DA:56,1
DA:57,1
DA:58,1
DA:59,1
DA:60,1
DA:61,1
DA:62,1
DA:63,1
DA:64,1
DA:67,2
DA:68,2
DA:69,2
DA:70,2
DA:71,2
DA:72,2
DA:73,2
DA:74,2
DA:75,2
DA:76,2
DA:77,2
DA:78,2
DA:79,2
DA:80,2
DA:81,2
DA:85,2
DA:86,2
DA:87,2
DA:88,2
DA:89,2
DA:90,2
DA:91,2
DA:92,2
DA:93,2
DA:94,2
DA:95,2
DA:96,2
DA:97,2
DA:98,2
DA:99,2
LF:59
LH:59
end_of_record
SF:lib\domain\entities\tv\tv_detail.dart
DA:5,6
DA:57,2
DA:58,2
DA:59,2
DA:60,2
DA:61,2
DA:62,2
DA:63,2
DA:64,2
DA:65,2
DA:66,2
DA:67,2
DA:68,2
DA:69,2
DA:70,2
DA:71,2
DA:72,2
DA:73,2
DA:74,2
DA:75,2
DA:76,2
DA:77,2
DA:78,2
DA:79,2
DA:80,2
DA:81,2
DA:82,2
LF:27
LH:27
end_of_record
SF:lib\domain\entities\tv\tv_entity.dart
DA:4,8
DA:20,1
DA:41,3
DA:42,3
DA:43,3
DA:44,3
DA:45,3
DA:46,3
DA:47,3
DA:48,3
DA:49,3
DA:50,3
DA:51,3
DA:52,3
DA:53,3
DA:54,3
DA:55,3
LF:17
LH:17
end_of_record
SF:lib\data\models\modelstv\tv_response.dart
DA:7,2
DA:9,4
DA:10,4
DA:11,6
DA:12,6
DA:15,2
DA:16,5
DA:19,1
DA:20,2
LF:9
LH:9
end_of_record
SF:lib\data\models\movie_response.dart
DA:7,2
DA:9,4
DA:10,4
DA:11,6
DA:12,6
DA:15,2
DA:16,5
DA:19,1
DA:20,2
LF:9
LH:9
end_of_record
SF:lib\data\models\genre_model.dart
DA:5,4
DA:13,4
DA:14,2
DA:15,2
DA:18,0
DA:19,0
DA:20,0
DA:23,2
DA:24,6
DA:27,2
DA:28,6
LF:11
LH:8
end_of_record
SF:lib\data\repositories\movie_repository_impl.dart
DA:17,1
DA:22,1
DA:25,2
DA:26,5
DA:27,1
DA:28,2
DA:29,1
DA:30,2
DA:31,0
DA:32,0
DA:36,1
DA:39,2
DA:40,2
DA:41,1
DA:42,2
DA:43,1
DA:44,2
DA:45,0
DA:46,0
DA:50,1
DA:53,2
DA:54,3
DA:55,1
DA:56,2
DA:57,1
DA:58,2
DA:59,0
DA:60,0
DA:64,1
DA:67,2
DA:68,5
DA:69,1
DA:70,2
DA:71,1
DA:72,2
DA:73,0
DA:74,0
DA:78,1
DA:81,2
DA:82,5
DA:83,1
DA:84,2
DA:85,1
DA:86,2
DA:87,0
DA:88,0
DA:92,1
DA:95,2
DA:96,5
DA:97,1
DA:98,2
DA:99,1
DA:100,2
DA:101,0
DA:102,0
DA:106,1
DA:110,3
DA:111,1
DA:112,1
DA:113,3
DA:119,1
DA:123,3
DA:124,1
DA:125,1
DA:126,3
DA:130,1
DA:132,2
DA:136,1
DA:138,2
DA:139,5
LF:70
LH:58
end_of_record
SF:lib\domain\usecases\get_movie_detail.dart
DA:9,1
DA:11,1
DA:12,2
LF:3
LH:3
end_of_record
SF:lib\data\repositories\tv_repository_impl.dart
DA:17,1
DA:22,1
DA:25,2
DA:26,5
DA:27,1
DA:28,2
DA:29,1
DA:30,2
DA:31,0
DA:32,0
DA:36,1
DA:39,2
DA:40,2
DA:41,1
DA:42,2
DA:43,1
DA:44,2
DA:45,0
DA:46,0
DA:50,1
DA:53,2
DA:54,3
DA:55,1
DA:56,2
DA:57,1
DA:58,2
DA:59,0
DA:60,0
DA:64,1
DA:67,2
DA:68,5
DA:69,1
DA:70,2
DA:71,1
DA:72,2
DA:73,0
DA:74,0
DA:78,1
DA:81,2
DA:82,5
DA:83,1
DA:84,2
DA:85,1
DA:86,2
DA:87,0
DA:88,0
DA:92,0
DA:95,0
DA:96,0
DA:97,0
DA:98,0
DA:99,0
DA:100,0
DA:101,0
DA:102,0
DA:106,1
DA:110,3
DA:111,1
DA:112,0
DA:113,0
DA:114,0
DA:115,0
DA:116,0
DA:117,0
DA:121,1
DA:125,3
DA:126,1
DA:127,1
DA:128,3
DA:132,1
DA:134,2
DA:138,1
DA:140,2
DA:141,5
LF:74
LH:49
end_of_record
SF:lib\domain\usecases\get_movie_recommendations.dart
DA:9,1
DA:11,1
DA:12,2
LF:3
LH:3
end_of_record
SF:lib\domain\usecases\get_now_playing_movies.dart
DA:9,1
DA:11,1
DA:12,2
LF:3
LH:3
end_of_record
SF:lib\domain\usecases\get_popular_movies.dart
DA:9,1
DA:11,1
DA:12,2
LF:3
LH:3
end_of_record
SF:lib\domain\usecases\get_top_rated_movies.dart
DA:9,1
DA:11,1
DA:12,2
LF:3
LH:3
end_of_record
SF:lib\domain\usecases\get_watchlist_movies.dart
DA:9,1
DA:11,1
DA:12,2
LF:3
LH:3
end_of_record
SF:lib\domain\usecases\get_watchlist_status.dart
DA:6,1
DA:8,1
DA:9,2
LF:3
LH:3
end_of_record
SF:lib\domain\usecases\remove_watchlist.dart
DA:9,1
DA:11,1
DA:12,2
LF:3
LH:3
end_of_record
SF:lib\domain\usecases\save_watchlist.dart
DA:9,1
DA:11,1
DA:12,2
LF:3
LH:3
end_of_record
SF:lib\domain\usecases\search_movies.dart
DA:9,1
DA:11,1
DA:12,2
LF:3
LH:3
end_of_record
SF:lib\domain\usecases\usecase_tv\get_now_playing_tv.dart
DA:9,1
DA:11,1
DA:12,2
LF:3
LH:3
end_of_record
SF:lib\domain\usecases\usecase_tv\get_popular_tv.dart
DA:9,1
DA:11,1
DA:12,2
LF:3
LH:3
end_of_record
SF:lib\domain\usecases\usecase_tv\get_top_rated_tv.dart
DA:9,1
DA:11,1
DA:12,2
LF:3
LH:3
end_of_record
SF:lib\domain\usecases\usecase_tv\get_tv_detail.dart
DA:9,1
DA:11,1
DA:12,2
LF:3
LH:3
end_of_record
SF:lib\domain\usecases\usecase_tv\get_tv_recomendations.dart
DA:9,1
DA:11,1
DA:12,2
LF:3
LH:3
end_of_record
SF:lib\domain\usecases\usecase_tv\get_watchlist_tv_status.dart
DA:6,1
DA:8,1
DA:9,2
LF:3
LH:3
end_of_record
SF:lib\domain\usecases\usecase_tv\get_watchlist_tv.dart
DA:9,1
DA:11,1
DA:12,2
LF:3
LH:3
end_of_record
SF:lib\domain\usecases\usecase_tv\remove_watchlist_tv.dart
DA:9,1
DA:11,1
DA:12,2
LF:3
LH:3
end_of_record
SF:lib\domain\usecases\usecase_tv\save_watchlist_tv.dart
DA:9,1
DA:11,1
DA:12,2
LF:3
LH:3
end_of_record
SF:lib\domain\usecases\usecase_tv\search_tv.dart
DA:9,1
DA:11,1
DA:12,2
LF:3
LH:3
end_of_record
SF:lib\presentation\provider\movie_bloc.dart
DA:21,3
DA:22,2
DA:23,2
DA:24,2
DA:25,2
DA:26,3
DA:27,1
DA:28,2
DA:37,3
DA:38,2
DA:39,2
DA:40,2
DA:41,2
DA:42,3
DA:43,1
DA:44,2
DA:53,3
DA:54,2
DA:55,2
DA:56,2
DA:57,2
DA:58,3
DA:59,1
DA:60,2
DA:68,3
DA:69,2
DA:70,1
DA:71,2
DA:72,2
DA:73,2
DA:74,3
DA:75,1
DA:76,2
DA:84,1
DA:85,2
DA:86,2
DA:87,1
DA:88,2
DA:90,2
DA:91,2
DA:92,3
DA:93,1
DA:94,2
DA:109,1
DA:111,2
DA:112,1
DA:113,1
DA:114,2
DA:116,2
DA:117,2
DA:118,3
DA:119,1
DA:120,2
DA:125,2
DA:126,1
DA:127,2
DA:128,2
DA:130,5
DA:131,3
DA:134,2
DA:135,1
DA:136,2
DA:137,2
DA:139,5
DA:140,3
DA:143,2
DA:144,1
DA:145,2
DA:146,2
DA:148,2
LF:70
LH:70
end_of_record
SF:lib\presentation\provider\movie_event.dart
DA:4,4
DA:6,0
DA:7,0
DA:18,2
DA:20,0
DA:21,0
DA:26,2
DA:28,0
DA:29,0
DA:37,1
DA:38,0
DA:39,0
DA:45,1
DA:46,0
DA:47,0
DA:53,2
DA:55,0
DA:56,0
LF:18
LH:6
end_of_record
SF:lib\presentation\provider\movie_state.dart
DA:4,5
DA:6,1
DA:7,1
DA:17,4
DA:19,1
DA:20,2
DA:26,4
DA:28,1
DA:29,2
DA:35,2
DA:37,1
DA:38,2
DA:44,1
DA:46,1
DA:47,2
DA:53,1
DA:59,2
DA:61,1
DA:62,2
LF:19
LH:19
end_of_record
SF:lib\presentation\pages\movie_detail_page.dart
DA:16,1
DA:18,1
DA:19,1
DA:23,1
DA:25,1
DA:26,2
DA:27,6
DA:28,1
DA:29,1
DA:30,4
DA:31,6
DA:35,1
DA:38,2
DA:39,1
DA:40,1
DA:41,1
DA:43,1
DA:46,2
DA:47,1
DA:48,1
DA:49,1
DA:54,1
DA:55,1
DA:56,1
DA:57,1
DA:61,1
DA:62,1
DA:63,1
DA:64,1
DA:69,0
DA:70,0
DA:71,0
DA:89,1
DA:91,1
DA:93,3
DA:94,1
DA:95,1
DA:96,1
DA:97,3
DA:99,2
DA:100,1
DA:102,0
DA:104,1
DA:106,1
DA:107,1
DA:108,1
DA:109,1
DA:111,2
DA:118,1
DA:119,1
DA:120,1
DA:122,1
DA:124,1
DA:126,1
DA:127,1
DA:128,2
DA:129,1
DA:131,1
DA:132,0
DA:133,0
DA:135,0
DA:136,0
DA:139,0
DA:140,0
DA:146,0
DA:147,0
DA:148,0
DA:149,0
DA:155,0
DA:161,0
DA:164,0
DA:167,0
DA:168,0
DA:169,0
DA:170,0
DA:174,0
DA:175,0
DA:177,0
DA:179,0
DA:180,0
DA:181,0
DA:186,1
DA:188,1
DA:189,1
DA:196,1
DA:197,3
DA:199,1
DA:200,3
DA:202,1
DA:203,1
DA:204,1
DA:205,3
DA:207,2
DA:213,4
DA:216,1
DA:217,1
DA:219,1
DA:221,1
DA:222,2
DA:224,1
DA:225,1
DA:227,1
DA:229,1
DA:231,1
DA:233,1
DA:234,2
DA:235,1
DA:237,1
DA:238,0
DA:239,0
DA:242,0
DA:245,1
DA:249,1
DA:251,2
DA:252,1
DA:256,0
DA:263,2
DA:270,1
DA:272,1
DA:287,1
DA:289,1
DA:292,1
DA:293,1
DA:294,0
DA:295,0
DA:304,1
DA:306,2
DA:307,3
DA:310,1
DA:314,3
DA:317,1
DA:318,1
DA:319,1
DA:321,1
DA:322,1
DA:324,0
LF:136
LH:102
end_of_record
SF:lib\common\constants.dart
DA:15,4
DA:16,2
DA:17,21
DA:19,0
DA:21,0
DA:25,0
DA:26,0
DA:27,0
DA:28,0
DA:29,0
LF:10
LH:3
end_of_record
SF:lib\presentation\pages\popular_movies_page.dart
DA:10,1
DA:11,1
DA:15,1
DA:17,1
DA:18,1
DA:19,5
DA:22,1
DA:24,1
DA:25,1
DA:26,1
DA:28,1
DA:30,1
DA:31,1
DA:32,1
DA:36,1
DA:37,1
DA:38,1
DA:39,2
DA:40,1
DA:42,2
DA:44,1
DA:45,1
DA:47,2
DA:50,0
LF:24
LH:23
end_of_record
SF:lib\presentation\widgets\movie_card_list.dart
DA:10,2
DA:12,2
DA:14,2
DA:16,2
DA:17,0
DA:18,0
DA:21,0
DA:24,2
DA:26,2
DA:27,2
DA:28,2
DA:34,2
DA:36,2
DA:37,2
DA:38,4
DA:41,2
DA:43,2
DA:44,2
DA:45,4
DA:53,2
DA:58,2
DA:59,2
DA:60,6
DA:62,4
DA:63,2
DA:65,0
DA:67,4
LF:27
LH:23
end_of_record
SF:lib\presentation\pages\top_rated_movies_page.dart
DA:10,1
DA:11,1
DA:15,1
DA:17,1
DA:18,1
DA:19,5
DA:22,1
DA:24,1
DA:25,1
DA:26,1
DA:28,1
DA:30,1
DA:31,1
DA:32,1
DA:36,1
DA:37,1
DA:38,1
DA:39,2
DA:40,1
DA:42,2
DA:44,1
DA:45,1
DA:47,2
DA:50,0
LF:24
LH:23
end_of_record
SF:lib\presentation\provider\provider_tv\tv_bloc_state.dart
DA:4,6
DA:6,1
DA:7,1
DA:16,5
DA:18,1
DA:19,2
DA:24,5
DA:26,1
DA:27,2
DA:33,2
DA:35,1
DA:36,2
DA:42,1
DA:44,1
DA:45,2
DA:51,1
DA:57,2
LF:17
LH:17
end_of_record
SF:lib\presentation\provider\provider_tv\tv_bloc_event.dart
DA:4,5
DA:6,0
DA:7,0
DA:18,2
DA:20,0
DA:21,0
DA:26,2
DA:28,0
DA:29,0
DA:37,1
DA:38,0
DA:39,0
DA:45,1
DA:46,0
DA:47,0
DA:53,2
DA:55,0
DA:56,0
LF:18
LH:6
end_of_record
SF:lib\presentation\provider\provider_tv\tv_bloc.dart
DA:20,3
DA:21,2
DA:22,2
DA:23,2
DA:24,2
DA:25,3
DA:26,1
DA:27,2
DA:35,3
DA:36,2
DA:37,2
DA:38,2
DA:39,2
DA:40,3
DA:41,1
DA:42,2
DA:50,3
DA:51,2
DA:52,2
DA:53,2
DA:54,2
DA:55,3
DA:56,1
DA:57,2
DA:65,3
DA:66,2
DA:67,2
DA:68,3
DA:69,2
DA:70,3
DA:71,1
DA:72,2
DA:81,3
DA:82,2
DA:83,2
DA:84,3
DA:85,2
DA:86,3
DA:87,1
DA:88,2
DA:103,1
DA:105,2
DA:106,2
DA:107,2
DA:108,2
DA:109,2
DA:110,3
DA:111,1
DA:112,2
DA:116,2
DA:117,1
DA:118,2
DA:119,2
DA:121,5
DA:122,3
DA:125,2
DA:126,1
DA:127,2
DA:128,2
DA:130,5
DA:131,3
DA:134,2
DA:135,1
DA:136,2
DA:137,2
DA:138,2
LF:66
LH:66
end_of_record
SF:lib\presentation\pages\tv_pages\now_playing_tv.dart
DA:10,1
DA:11,1
DA:15,1
DA:17,1
DA:18,1
DA:19,5
DA:22,1
DA:24,1
DA:25,1
DA:26,1
DA:28,1
DA:31,2
DA:32,1
DA:36,1
DA:37,1
DA:38,1
DA:39,2
DA:40,1
DA:42,2
DA:44,1
DA:45,1
DA:47,2
DA:50,0
LF:23
LH:22
end_of_record
SF:lib\presentation\widgets\tv_card_list.dart
DA:10,3
DA:12,3
DA:14,3
DA:16,3
DA:17,0
DA:18,0
DA:21,0
DA:24,3
DA:26,3
DA:27,3
DA:28,3
DA:34,3
DA:36,3
DA:37,3
DA:38,6
DA:41,3
DA:43,3
DA:44,3
DA:45,6
DA:53,3
DA:58,3
DA:59,3
DA:60,9
DA:62,6
DA:63,3
DA:65,0
DA:67,6
LF:27
LH:23
end_of_record
SF:lib\presentation\pages\tv_pages\tv_detail_page.dart
DA:16,1
DA:18,1
DA:19,1
DA:23,1
DA:25,1
DA:26,2
DA:27,6
DA:28,1
DA:29,1
DA:30,4
DA:31,6
DA:35,1
DA:38,2
DA:39,2
DA:40,2
DA:42,1
DA:46,2
DA:47,1
DA:48,1
DA:49,1
DA:54,1
DA:55,1
DA:56,1
DA:57,1
DA:61,1
DA:62,1
DA:63,1
DA:64,1
DA:66,0
DA:67,0
DA:68,0
DA:86,1
DA:88,1
DA:90,3
DA:91,1
DA:92,1
DA:93,1
DA:94,3
DA:96,2
DA:97,1
DA:99,0
DA:101,1
DA:103,1
DA:104,1
DA:105,1
DA:106,1
DA:108,2
DA:115,1
DA:116,1
DA:117,1
DA:119,1
DA:121,1
DA:123,1
DA:124,1
DA:125,2
DA:126,1
DA:128,1
DA:129,0
DA:130,0
DA:132,0
DA:133,0
DA:136,0
DA:137,0
DA:143,0
DA:144,0
DA:145,0
DA:146,0
DA:152,0
DA:159,0
DA:162,0
DA:165,0
DA:166,0
DA:167,0
DA:168,0
DA:170,0
DA:171,0
DA:173,0
DA:175,0
DA:176,0
DA:177,0
DA:182,1
DA:184,1
DA:185,1
DA:192,1
DA:193,3
DA:195,1
DA:196,2
DA:198,1
DA:199,1
DA:200,1
DA:201,3
DA:203,2
DA:209,4
DA:212,1
DA:213,1
DA:215,1
DA:217,1
DA:218,2
DA:220,1
DA:221,1
DA:223,1
DA:225,1
DA:227,1
DA:229,1
DA:230,2
DA:231,1
DA:233,1
DA:234,0
DA:235,0
DA:238,0
DA:241,1
DA:245,1
DA:247,2
DA:248,1
DA:252,0
DA:259,2
DA:266,1
DA:268,1
DA:283,1
DA:285,1
DA:288,1
DA:289,1
DA:290,0
DA:291,0
DA:300,1
DA:302,2
DA:303,3
DA:306,1
DA:310,3
LF:129
LH:96
end_of_record
SF:lib\presentation\pages\tv_pages\popular_tv_page.dart
DA:10,1
DA:11,1
DA:15,1
DA:17,1
DA:18,6
DA:21,1
DA:23,1
DA:24,1
DA:25,1
DA:27,1
DA:29,2
DA:30,1
DA:34,1
DA:35,1
DA:36,1
DA:37,2
DA:38,1
DA:40,2
DA:42,1
DA:43,1
DA:45,2
DA:48,0
LF:22
LH:21
end_of_record
SF:lib\presentation\pages\tv_pages\top_rates_tv_page.dart
DA:10,1
DA:11,1
DA:15,1
DA:17,1
DA:18,1
DA:19,5
DA:22,1
DA:24,1
DA:25,1
DA:26,1
DA:28,1
DA:30,2
DA:31,1
DA:33,1
DA:34,1
DA:35,1
DA:36,2
DA:37,1
DA:39,2
DA:41,1
DA:42,1
DA:43,2
LF:22
LH:22
end_of_record
